{"/Users/yvesroos/dev/personal/autocomplete2/frontend/src/App.tsx": {"path":"/Users/yvesroos/dev/personal/autocomplete2/frontend/src/App.tsx","statementMap":{},"fnMap":{"0":{"name":"App","decl":{"start":{"line":5,"column":9},"end":{"line":5,"column":null}},"loc":{"start":{"line":5,"column":9},"end":{"line":14,"column":null}}}},"branchMap":{},"s":{},"f":{"0":0},"b":{}}
,"/Users/yvesroos/dev/personal/autocomplete2/frontend/src/consts.ts": {"path":"/Users/yvesroos/dev/personal/autocomplete2/frontend/src/consts.ts","statementMap":{"0":{"start":{"line":1,"column":33},"end":{"line":1,"column":51}},"1":{"start":{"line":2,"column":36},"end":{"line":2,"column":79}},"2":{"start":{"line":3,"column":30},"end":{"line":3,"column":42}},"3":{"start":{"line":4,"column":28},"end":{"line":4,"column":38}},"4":{"start":{"line":5,"column":25},"end":{"line":5,"column":33}},"5":{"start":{"line":6,"column":23},"end":{"line":6,"column":32}},"6":{"start":{"line":7,"column":43},"end":{"line":7,"column":47}}},"fnMap":{},"branchMap":{},"s":{"0":1,"1":1,"2":1,"3":1,"4":1,"5":1,"6":1},"f":{},"b":{}}
,"/Users/yvesroos/dev/personal/autocomplete2/frontend/src/routes.tsx": {"path":"/Users/yvesroos/dev/personal/autocomplete2/frontend/src/routes.tsx","statementMap":{"0":{"start":{"line":5,"column":24},"end":{"line":22,"column":null}}},"fnMap":{},"branchMap":{},"s":{"0":0},"f":{},"b":{}}
,"/Users/yvesroos/dev/personal/autocomplete2/frontend/src/components/Autocomplete/Autocomplete.tsx": {"path":"/Users/yvesroos/dev/personal/autocomplete2/frontend/src/components/Autocomplete/Autocomplete.tsx","statementMap":{"0":{"start":{"line":12,"column":21},"end":{"line":121,"column":null}},"1":{"start":{"line":23,"column":19},"end":{"line":23,"column":null}},"2":{"start":{"line":25,"column":34},"end":{"line":25,"column":null}},"3":{"start":{"line":26,"column":44},"end":{"line":26,"column":null}},"4":{"start":{"line":28,"column":40},"end":{"line":28,"column":null}},"5":{"start":{"line":29,"column":46},"end":{"line":29,"column":null}},"6":{"start":{"line":30,"column":26},"end":{"line":30,"column":null}},"7":{"start":{"line":32,"column":24},"end":{"line":32,"column":null}},"8":{"start":{"line":33,"column":26},"end":{"line":33,"column":null}},"9":{"start":{"line":35,"column":30},"end":{"line":37,"column":null}},"10":{"start":{"line":36,"column":4},"end":{"line":36,"column":null}},"11":{"start":{"line":39,"column":20},"end":{"line":41,"column":null}},"12":{"start":{"line":40,"column":4},"end":{"line":40,"column":null}},"13":{"start":{"line":43,"column":2},"end":{"line":48,"column":null}},"14":{"start":{"line":44,"column":4},"end":{"line":47,"column":null}},"15":{"start":{"line":45,"column":6},"end":{"line":45,"column":null}},"16":{"start":{"line":46,"column":6},"end":{"line":46,"column":null}},"17":{"start":{"line":50,"column":2},"end":{"line":54,"column":null}},"18":{"start":{"line":51,"column":4},"end":{"line":53,"column":null}},"19":{"start":{"line":52,"column":6},"end":{"line":52,"column":null}},"20":{"start":{"line":56,"column":28},"end":{"line":59,"column":null}},"21":{"start":{"line":56,"column":52},"end":{"line":59,"column":null}},"22":{"start":{"line":57,"column":4},"end":{"line":57,"column":null}},"23":{"start":{"line":58,"column":4},"end":{"line":58,"column":null}},"24":{"start":{"line":61,"column":29},"end":{"line":63,"column":null}},"25":{"start":{"line":62,"column":4},"end":{"line":62,"column":null}},"26":{"start":{"line":65,"column":28},"end":{"line":69,"column":null}},"27":{"start":{"line":66,"column":4},"end":{"line":66,"column":null}},"28":{"start":{"line":67,"column":4},"end":{"line":67,"column":null}},"29":{"start":{"line":68,"column":4},"end":{"line":68,"column":null}},"30":{"start":{"line":71,"column":24},"end":{"line":88,"column":null}},"31":{"start":{"line":72,"column":21},"end":{"line":72,"column":null}},"32":{"start":{"line":73,"column":4},"end":{"line":76,"column":null}},"33":{"start":{"line":74,"column":6},"end":{"line":74,"column":null}},"34":{"start":{"line":75,"column":6},"end":{"line":75,"column":null}},"35":{"start":{"line":75,"column":39},"end":{"line":75,"column":null}},"36":{"start":{"line":77,"column":4},"end":{"line":80,"column":null}},"37":{"start":{"line":78,"column":6},"end":{"line":78,"column":null}},"38":{"start":{"line":79,"column":6},"end":{"line":79,"column":null}},"39":{"start":{"line":79,"column":39},"end":{"line":79,"column":null}},"40":{"start":{"line":81,"column":4},"end":{"line":84,"column":null}},"41":{"start":{"line":82,"column":6},"end":{"line":82,"column":null}},"42":{"start":{"line":83,"column":6},"end":{"line":83,"column":null}},"43":{"start":{"line":85,"column":4},"end":{"line":87,"column":null}},"44":{"start":{"line":86,"column":6},"end":{"line":86,"column":null}}},"fnMap":{"0":{"name":"(anonymous_0)","decl":{"start":{"line":12,"column":21},"end":{"line":12,"column":26}},"loc":{"start":{"line":22,"column":1},"end":{"line":121,"column":null}}},"1":{"name":"(anonymous_1)","decl":{"start":{"line":35,"column":30},"end":{"line":35,"column":null}},"loc":{"start":{"line":35,"column":30},"end":{"line":37,"column":null}}},"2":{"name":"(anonymous_2)","decl":{"start":{"line":39,"column":20},"end":{"line":39,"column":null}},"loc":{"start":{"line":39,"column":20},"end":{"line":41,"column":null}}},"3":{"name":"(anonymous_3)","decl":{"start":{"line":43,"column":12},"end":{"line":43,"column":null}},"loc":{"start":{"line":43,"column":12},"end":{"line":48,"column":5}}},"4":{"name":"(anonymous_4)","decl":{"start":{"line":50,"column":12},"end":{"line":50,"column":null}},"loc":{"start":{"line":50,"column":12},"end":{"line":54,"column":5}}},"5":{"name":"(anonymous_5)","decl":{"start":{"line":56,"column":28},"end":{"line":56,"column":29}},"loc":{"start":{"line":56,"column":52},"end":{"line":59,"column":null}}},"6":{"name":"(anonymous_6)","decl":{"start":{"line":56,"column":52},"end":{"line":56,"column":null}},"loc":{"start":{"line":56,"column":52},"end":{"line":59,"column":null}}},"7":{"name":"(anonymous_7)","decl":{"start":{"line":61,"column":29},"end":{"line":61,"column":null}},"loc":{"start":{"line":61,"column":29},"end":{"line":63,"column":null}}},"8":{"name":"(anonymous_8)","decl":{"start":{"line":65,"column":28},"end":{"line":65,"column":null}},"loc":{"start":{"line":65,"column":28},"end":{"line":69,"column":null}}},"9":{"name":"(anonymous_9)","decl":{"start":{"line":71,"column":24},"end":{"line":71,"column":25}},"loc":{"start":{"line":71,"column":25},"end":{"line":88,"column":null}}},"10":{"name":"(anonymous_10)","decl":{"start":{"line":75,"column":24},"end":{"line":75,"column":25}},"loc":{"start":{"line":75,"column":39},"end":{"line":75,"column":null}}},"11":{"name":"(anonymous_11)","decl":{"start":{"line":79,"column":24},"end":{"line":79,"column":25}},"loc":{"start":{"line":79,"column":39},"end":{"line":79,"column":null}}}},"branchMap":{"0":{"loc":{"start":{"line":33,"column":26},"end":{"line":33,"column":null}},"type":"binary-expr","locations":[{"start":{"line":33,"column":26},"end":{"line":33,"column":45}},{"start":{"line":33,"column":45},"end":{"line":33,"column":null}}]},"1":{"loc":{"start":{"line":44,"column":4},"end":{"line":47,"column":null}},"type":"if","locations":[{"start":{"line":44,"column":4},"end":{"line":47,"column":null}},{"start":{"line":44,"column":4},"end":{"line":47,"column":null}}]},"2":{"loc":{"start":{"line":51,"column":4},"end":{"line":53,"column":null}},"type":"if","locations":[{"start":{"line":51,"column":4},"end":{"line":53,"column":null}},{"start":{"line":51,"column":4},"end":{"line":53,"column":null}}]},"3":{"loc":{"start":{"line":72,"column":21},"end":{"line":72,"column":null}},"type":"binary-expr","locations":[{"start":{"line":72,"column":21},"end":{"line":72,"column":39}},{"start":{"line":72,"column":39},"end":{"line":72,"column":null}}]},"4":{"loc":{"start":{"line":73,"column":4},"end":{"line":76,"column":null}},"type":"if","locations":[{"start":{"line":73,"column":4},"end":{"line":76,"column":null}},{"start":{"line":73,"column":4},"end":{"line":76,"column":null}}]},"5":{"loc":{"start":{"line":73,"column":8},"end":{"line":73,"column":71}},"type":"binary-expr","locations":[{"start":{"line":73,"column":8},"end":{"line":73,"column":40}},{"start":{"line":73,"column":40},"end":{"line":73,"column":71}}]},"6":{"loc":{"start":{"line":77,"column":4},"end":{"line":80,"column":null}},"type":"if","locations":[{"start":{"line":77,"column":4},"end":{"line":80,"column":null}},{"start":{"line":77,"column":4},"end":{"line":80,"column":null}}]},"7":{"loc":{"start":{"line":77,"column":8},"end":{"line":77,"column":58}},"type":"binary-expr","locations":[{"start":{"line":77,"column":8},"end":{"line":77,"column":38}},{"start":{"line":77,"column":38},"end":{"line":77,"column":58}}]},"8":{"loc":{"start":{"line":81,"column":4},"end":{"line":84,"column":null}},"type":"if","locations":[{"start":{"line":81,"column":4},"end":{"line":84,"column":null}},{"start":{"line":81,"column":4},"end":{"line":84,"column":null}}]},"9":{"loc":{"start":{"line":85,"column":4},"end":{"line":87,"column":null}},"type":"if","locations":[{"start":{"line":85,"column":4},"end":{"line":87,"column":null}},{"start":{"line":85,"column":4},"end":{"line":87,"column":null}}]},"10":{"loc":{"start":{"line":101,"column":7},"end":{"line":101,"column":null}},"type":"binary-expr","locations":[{"start":{"line":101,"column":7},"end":{"line":101,"column":null}}]},"11":{"loc":{"start":{"line":104,"column":12},"end":{"line":105,"column":null}},"type":"cond-expr","locations":[{"start":{"line":104,"column":12},"end":{"line":105,"column":null}}]},"12":{"loc":{"start":{"line":106,"column":12},"end":{"line":108,"column":20}},"type":"cond-expr","locations":[{"start":{"line":106,"column":12},"end":{"line":108,"column":20}}]}},"s":{"0":1,"1":44,"2":44,"3":44,"4":44,"5":44,"6":44,"7":44,"8":44,"9":44,"10":15,"11":44,"12":5,"13":44,"14":15,"15":15,"16":15,"17":44,"18":12,"19":4,"20":44,"21":60,"22":2,"23":2,"24":44,"25":7,"26":44,"27":0,"28":0,"29":0,"30":44,"31":8,"32":8,"33":3,"34":3,"35":3,"36":8,"37":2,"38":2,"39":2,"40":8,"41":2,"42":2,"43":8,"44":1},"f":{"0":44,"1":15,"2":5,"3":15,"4":12,"5":60,"6":2,"7":7,"8":0,"9":8,"10":3,"11":2},"b":{"0":[44,12],"1":[15,0],"2":[4,8],"3":[8,0],"4":[3,5],"5":[8,3],"6":[2,6],"7":[8,2],"8":[2,6],"9":[1,7],"10":[44],"11":[12],"12":[2]}}
,"/Users/yvesroos/dev/personal/autocomplete2/frontend/src/components/Autocomplete/AutocompleteInput.tsx": {"path":"/Users/yvesroos/dev/personal/autocomplete2/frontend/src/components/Autocomplete/AutocompleteInput.tsx","statementMap":{"0":{"start":{"line":12,"column":26},"end":{"line":39,"column":null}},"1":{"start":{"line":14,"column":38},"end":{"line":18,"column":null}},"2":{"start":{"line":17,"column":6},"end":{"line":17,"column":null}},"3":{"start":{"line":20,"column":26},"end":{"line":22,"column":null}},"4":{"start":{"line":21,"column":6},"end":{"line":21,"column":null}}},"fnMap":{"0":{"name":"(anonymous_0)","decl":{"start":{"line":13,"column":2},"end":{"line":13,"column":3}},"loc":{"start":{"line":13,"column":70},"end":{"line":39,"column":null}}},"1":{"name":"(anonymous_1)","decl":{"start":{"line":14,"column":38},"end":{"line":14,"column":null}},"loc":{"start":{"line":15,"column":6},"end":{"line":18,"column":null}}},"2":{"name":"(anonymous_2)","decl":{"start":{"line":20,"column":26},"end":{"line":20,"column":27}},"loc":{"start":{"line":20,"column":27},"end":{"line":22,"column":null}}}},"branchMap":{"0":{"loc":{"start":{"line":13,"column":5},"end":{"line":13,"column":15}},"type":"default-arg","locations":[{"start":{"line":13,"column":13},"end":{"line":13,"column":15}}]}},"s":{"0":1,"1":30,"2":7,"3":30,"4":0},"f":{"0":30,"1":7,"2":0},"b":{"0":[0]}}
,"/Users/yvesroos/dev/personal/autocomplete2/frontend/src/components/Autocomplete/AutocompleteList.tsx": {"path":"/Users/yvesroos/dev/personal/autocomplete2/frontend/src/components/Autocomplete/AutocompleteList.tsx","statementMap":{"0":{"start":{"line":7,"column":25},"end":{"line":14,"column":null}}},"fnMap":{"0":{"name":"(anonymous_0)","decl":{"start":{"line":8,"column":2},"end":{"line":8,"column":3}},"loc":{"start":{"line":8,"column":17},"end":{"line":14,"column":null}}}},"branchMap":{},"s":{"0":1},"f":{"0":21},"b":{}}
,"/Users/yvesroos/dev/personal/autocomplete2/frontend/src/components/Autocomplete/AutocompleteListItem.tsx": {"path":"/Users/yvesroos/dev/personal/autocomplete2/frontend/src/components/Autocomplete/AutocompleteListItem.tsx","statementMap":{"0":{"start":{"line":10,"column":29},"end":{"line":34,"column":null}},"1":{"start":{"line":11,"column":14},"end":{"line":11,"column":null}},"2":{"start":{"line":12,"column":2},"end":{"line":19,"column":null}},"3":{"start":{"line":13,"column":4},"end":{"line":18,"column":null}},"4":{"start":{"line":14,"column":6},"end":{"line":17,"column":null}}},"fnMap":{"0":{"name":"(anonymous_0)","decl":{"start":{"line":10,"column":29},"end":{"line":10,"column":34}},"loc":{"start":{"line":10,"column":73},"end":{"line":34,"column":null}}},"1":{"name":"(anonymous_1)","decl":{"start":{"line":12,"column":12},"end":{"line":12,"column":null}},"loc":{"start":{"line":12,"column":12},"end":{"line":19,"column":5}}}},"branchMap":{"0":{"loc":{"start":{"line":13,"column":4},"end":{"line":18,"column":null}},"type":"if","locations":[{"start":{"line":13,"column":4},"end":{"line":18,"column":null}},{"start":{"line":13,"column":4},"end":{"line":18,"column":null}}]},"1":{"loc":{"start":{"line":27,"column":8},"end":{"line":27,"column":null}},"type":"cond-expr","locations":[{"start":{"line":27,"column":20},"end":{"line":27,"column":58}},{"start":{"line":27,"column":58},"end":{"line":27,"column":null}}]}},"s":{"0":1,"1":42,"2":42,"3":22,"4":9},"f":{"0":42,"1":22},"b":{"0":[9,13],"1":[14,28]}}
,"/Users/yvesroos/dev/personal/autocomplete2/frontend/src/components/Autocomplete/AutocompleteListItemEmpty.tsx": {"path":"/Users/yvesroos/dev/personal/autocomplete2/frontend/src/components/Autocomplete/AutocompleteListItemEmpty.tsx","statementMap":{"0":{"start":{"line":3,"column":34},"end":{"line":9,"column":null}}},"fnMap":{"0":{"name":"(anonymous_0)","decl":{"start":{"line":3,"column":34},"end":{"line":3,"column":null}},"loc":{"start":{"line":3,"column":34},"end":{"line":9,"column":null}}}},"branchMap":{},"s":{"0":1},"f":{"0":6},"b":{}}
,"/Users/yvesroos/dev/personal/autocomplete2/frontend/src/components/Autocomplete/AutocompleteListItemNotFound.tsx": {"path":"/Users/yvesroos/dev/personal/autocomplete2/frontend/src/components/Autocomplete/AutocompleteListItemNotFound.tsx","statementMap":{"0":{"start":{"line":3,"column":37},"end":{"line":9,"column":null}}},"fnMap":{"0":{"name":"(anonymous_0)","decl":{"start":{"line":3,"column":37},"end":{"line":3,"column":null}},"loc":{"start":{"line":3,"column":37},"end":{"line":9,"column":null}}}},"branchMap":{},"s":{"0":1},"f":{"0":1},"b":{}}
,"/Users/yvesroos/dev/personal/autocomplete2/frontend/src/components/BackgroundColorSection/BackgroundColorSection.tsx": {"path":"/Users/yvesroos/dev/personal/autocomplete2/frontend/src/components/BackgroundColorSection/BackgroundColorSection.tsx","statementMap":{"0":{"start":{"line":4,"column":31},"end":{"line":21,"column":null}}},"fnMap":{"0":{"name":"(anonymous_0)","decl":{"start":{"line":4,"column":31},"end":{"line":4,"column":32}},"loc":{"start":{"line":10,"column":1},"end":{"line":21,"column":null}}}},"branchMap":{"0":{"loc":{"start":{"line":5,"column":2},"end":{"line":5,"column":18}},"type":"default-arg","locations":[{"start":{"line":5,"column":12},"end":{"line":5,"column":18}}]}},"s":{"0":0},"f":{"0":0},"b":{"0":[0]}}
,"/Users/yvesroos/dev/personal/autocomplete2/frontend/src/containers/ColorSetterScreen/ColorSetterScreen.tsx": {"path":"/Users/yvesroos/dev/personal/autocomplete2/frontend/src/containers/ColorSetterScreen/ColorSetterScreen.tsx","statementMap":{"0":{"start":{"line":6,"column":26},"end":{"line":19,"column":null}},"1":{"start":{"line":15,"column":29},"end":{"line":15,"column":null}}},"fnMap":{"0":{"name":"(anonymous_0)","decl":{"start":{"line":6,"column":35},"end":{"line":6,"column":36}},"loc":{"start":{"line":6,"column":64},"end":{"line":19,"column":null}}},"1":{"name":"(anonymous_1)","decl":{"start":{"line":15,"column":18},"end":{"line":15,"column":19}},"loc":{"start":{"line":15,"column":29},"end":{"line":15,"column":null}}}},"branchMap":{},"s":{"0":0,"1":0},"f":{"0":0,"1":0},"b":{}}
,"/Users/yvesroos/dev/personal/autocomplete2/frontend/src/containers/MainScreen/MainScreen.tsx": {"path":"/Users/yvesroos/dev/personal/autocomplete2/frontend/src/containers/MainScreen/MainScreen.tsx","statementMap":{"0":{"start":{"line":5,"column":19},"end":{"line":12,"column":null}},"1":{"start":{"line":6,"column":18},"end":{"line":6,"column":null}}},"fnMap":{"0":{"name":"(anonymous_0)","decl":{"start":{"line":5,"column":19},"end":{"line":5,"column":null}},"loc":{"start":{"line":5,"column":19},"end":{"line":12,"column":null}}}},"branchMap":{},"s":{"0":0,"1":0},"f":{"0":0},"b":{}}
,"/Users/yvesroos/dev/personal/autocomplete2/frontend/src/containers/Router/Router.tsx": {"path":"/Users/yvesroos/dev/personal/autocomplete2/frontend/src/containers/Router/Router.tsx","statementMap":{"0":{"start":{"line":10,"column":15},"end":{"line":47,"column":null}},"1":{"start":{"line":11,"column":24},"end":{"line":11,"column":null}},"2":{"start":{"line":13,"column":4},"end":{"line":14,"column":null}},"3":{"start":{"line":13,"column":27},"end":{"line":13,"column":63}},"4":{"start":{"line":14,"column":27},"end":{"line":14,"column":40}},"5":{"start":{"line":16,"column":2},"end":{"line":25,"column":null}},"6":{"start":{"line":17,"column":4},"end":{"line":23,"column":null}},"7":{"start":{"line":18,"column":12},"end":{"line":18,"column":42}},"8":{"start":{"line":20,"column":8},"end":{"line":22,"column":null}},"9":{"start":{"line":21,"column":10},"end":{"line":21,"column":null}},"10":{"start":{"line":37,"column":29},"end":{"line":37,"column":null}}},"fnMap":{"0":{"name":"(anonymous_0)","decl":{"start":{"line":10,"column":24},"end":{"line":10,"column":25}},"loc":{"start":{"line":10,"column":56},"end":{"line":47,"column":null}}},"1":{"name":"(anonymous_1)","decl":{"start":{"line":13,"column":16},"end":{"line":13,"column":17}},"loc":{"start":{"line":13,"column":27},"end":{"line":13,"column":63}}},"2":{"name":"(anonymous_2)","decl":{"start":{"line":14,"column":16},"end":{"line":14,"column":17}},"loc":{"start":{"line":14,"column":27},"end":{"line":14,"column":40}}},"3":{"name":"(anonymous_3)","decl":{"start":{"line":16,"column":12},"end":{"line":16,"column":null}},"loc":{"start":{"line":16,"column":12},"end":{"line":25,"column":5}}},"4":{"name":"(anonymous_4)","decl":{"start":{"line":18,"column":6},"end":{"line":18,"column":12}},"loc":{"start":{"line":18,"column":12},"end":{"line":18,"column":42}}},"5":{"name":"(anonymous_5)","decl":{"start":{"line":19,"column":6},"end":{"line":19,"column":7}},"loc":{"start":{"line":19,"column":7},"end":{"line":23,"column":null}}},"6":{"name":"(anonymous_7)","decl":{"start":{"line":37,"column":23},"end":{"line":37,"column":29}},"loc":{"start":{"line":37,"column":29},"end":{"line":37,"column":null}}}},"branchMap":{"0":{"loc":{"start":{"line":13,"column":4},"end":{"line":14,"column":null}},"type":"binary-expr","locations":[{"start":{"line":13,"column":4},"end":{"line":13,"column":null}},{"start":{"line":14,"column":4},"end":{"line":14,"column":null}}]},"1":{"loc":{"start":{"line":20,"column":8},"end":{"line":22,"column":null}},"type":"if","locations":[{"start":{"line":20,"column":8},"end":{"line":22,"column":null}},{"start":{"line":20,"column":8},"end":{"line":22,"column":null}}]},"2":{"loc":{"start":{"line":35,"column":16},"end":{"line":35,"column":null}},"type":"cond-expr","locations":[{"start":{"line":35,"column":47},"end":{"line":35,"column":73}},{"start":{"line":35,"column":73},"end":{"line":35,"column":null}}]},"3":{"loc":{"start":{"line":44,"column":7},"end":{"line":44,"column":null}},"type":"binary-expr","locations":[{"start":{"line":44,"column":7},"end":{"line":44,"column":33}},{"start":{"line":44,"column":33},"end":{"line":44,"column":null}}]}},"s":{"0":0,"1":0,"2":0,"3":0,"4":0,"5":0,"6":0,"7":0,"8":0,"9":0,"10":0},"f":{"0":0,"1":0,"2":0,"3":0,"4":0,"5":0,"6":0},"b":{"0":[0,0],"1":[0,0],"2":[0,0],"3":[0,0]}}
,"/Users/yvesroos/dev/personal/autocomplete2/frontend/src/hooks/useDebounce.ts": {"path":"/Users/yvesroos/dev/personal/autocomplete2/frontend/src/hooks/useDebounce.ts","statementMap":{"0":{"start":{"line":4,"column":20},"end":{"line":20,"column":null}},"1":{"start":{"line":8,"column":46},"end":{"line":8,"column":null}},"2":{"start":{"line":9,"column":19},"end":{"line":9,"column":null}},"3":{"start":{"line":11,"column":2},"end":{"line":17,"column":null}},"4":{"start":{"line":12,"column":4},"end":{"line":12,"column":null}},"5":{"start":{"line":12,"column":40},"end":{"line":12,"column":66}},"6":{"start":{"line":14,"column":4},"end":{"line":16,"column":null}},"7":{"start":{"line":15,"column":6},"end":{"line":15,"column":null}},"8":{"start":{"line":19,"column":2},"end":{"line":19,"column":null}}},"fnMap":{"0":{"name":"(anonymous_0)","decl":{"start":{"line":4,"column":20},"end":{"line":4,"column":null}},"loc":{"start":{"line":6,"column":45},"end":{"line":20,"column":null}}},"1":{"name":"(anonymous_1)","decl":{"start":{"line":11,"column":12},"end":{"line":11,"column":null}},"loc":{"start":{"line":11,"column":12},"end":{"line":17,"column":5}}},"2":{"name":"(anonymous_2)","decl":{"start":{"line":12,"column":34},"end":{"line":12,"column":40}},"loc":{"start":{"line":12,"column":40},"end":{"line":12,"column":66}}},"3":{"name":"(anonymous_3)","decl":{"start":{"line":14,"column":11},"end":{"line":14,"column":null}},"loc":{"start":{"line":14,"column":11},"end":{"line":16,"column":null}}}},"branchMap":{"0":{"loc":{"start":{"line":6,"column":2},"end":{"line":6,"column":45}},"type":"default-arg","locations":[{"start":{"line":6,"column":18},"end":{"line":6,"column":45}}]}},"s":{"0":0,"1":0,"2":0,"3":0,"4":0,"5":0,"6":0,"7":0,"8":0},"f":{"0":0,"1":0,"2":0,"3":0},"b":{"0":[0]}}
,"/Users/yvesroos/dev/personal/autocomplete2/frontend/src/hooks/useQueryParam.ts": {"path":"/Users/yvesroos/dev/personal/autocomplete2/frontend/src/hooks/useQueryParam.ts","statementMap":{"0":{"start":{"line":3,"column":17},"end":{"line":8,"column":null}},"1":{"start":{"line":4,"column":2},"end":{"line":6,"column":null}},"2":{"start":{"line":5,"column":4},"end":{"line":5,"column":null}},"3":{"start":{"line":7,"column":2},"end":{"line":7,"column":null}},"4":{"start":{"line":10,"column":26},"end":{"line":12,"column":null}},"5":{"start":{"line":11,"column":2},"end":{"line":11,"column":null}},"6":{"start":{"line":14,"column":22},"end":{"line":36,"column":null}},"7":{"start":{"line":18,"column":28},"end":{"line":18,"column":null}},"8":{"start":{"line":20,"column":20},"end":{"line":33,"column":null}},"9":{"start":{"line":21,"column":4},"end":{"line":21,"column":null}},"10":{"start":{"line":23,"column":18},"end":{"line":23,"column":null}},"11":{"start":{"line":25,"column":4},"end":{"line":29,"column":null}},"12":{"start":{"line":26,"column":6},"end":{"line":26,"column":null}},"13":{"start":{"line":28,"column":6},"end":{"line":28,"column":null}},"14":{"start":{"line":30,"column":41},"end":{"line":30,"column":56}},"15":{"start":{"line":31,"column":19},"end":{"line":31,"column":72}},"16":{"start":{"line":32,"column":4},"end":{"line":32,"column":null}},"17":{"start":{"line":35,"column":2},"end":{"line":35,"column":null}}},"fnMap":{"0":{"name":"(anonymous_0)","decl":{"start":{"line":3,"column":17},"end":{"line":3,"column":null}},"loc":{"start":{"line":3,"column":17},"end":{"line":8,"column":null}}},"1":{"name":"(anonymous_1)","decl":{"start":{"line":10,"column":26},"end":{"line":10,"column":27}},"loc":{"start":{"line":10,"column":27},"end":{"line":12,"column":null}}},"2":{"name":"(anonymous_2)","decl":{"start":{"line":14,"column":22},"end":{"line":14,"column":null}},"loc":{"start":{"line":16,"column":2},"end":{"line":36,"column":null}}},"3":{"name":"(anonymous_3)","decl":{"start":{"line":20,"column":20},"end":{"line":20,"column":21}},"loc":{"start":{"line":20,"column":21},"end":{"line":33,"column":null}}}},"branchMap":{"0":{"loc":{"start":{"line":4,"column":2},"end":{"line":6,"column":null}},"type":"if","locations":[{"start":{"line":4,"column":2},"end":{"line":6,"column":null}},{"start":{"line":4,"column":2},"end":{"line":6,"column":null}}]},"1":{"loc":{"start":{"line":18,"column":37},"end":{"line":18,"column":null}},"type":"binary-expr","locations":[{"start":{"line":18,"column":37},"end":{"line":18,"column":63}},{"start":{"line":18,"column":63},"end":{"line":18,"column":null}}]},"2":{"loc":{"start":{"line":25,"column":4},"end":{"line":29,"column":null}},"type":"if","locations":[{"start":{"line":25,"column":4},"end":{"line":29,"column":null}},{"start":{"line":27,"column":11},"end":{"line":29,"column":null}}]}},"s":{"0":0,"1":0,"2":0,"3":0,"4":0,"5":0,"6":0,"7":0,"8":0,"9":0,"10":0,"11":0,"12":0,"13":0,"14":0,"15":0,"16":0,"17":0},"f":{"0":0,"1":0,"2":0,"3":0},"b":{"0":[0,0],"1":[0,0],"2":[0,0]}}
,"/Users/yvesroos/dev/personal/autocomplete2/frontend/src/services/colorService.ts": {"path":"/Users/yvesroos/dev/personal/autocomplete2/frontend/src/services/colorService.ts","statementMap":{"0":{"start":{"line":4,"column":2},"end":{"line":14,"column":null}},"1":{"start":{"line":5,"column":20},"end":{"line":7,"column":null}},"2":{"start":{"line":8,"column":20},"end":{"line":10,"column":null}},"3":{"start":{"line":12,"column":21},"end":{"line":12,"column":null}},"4":{"start":{"line":13,"column":4},"end":{"line":13,"column":null}}},"fnMap":{"0":{"name":"(anonymous_2)","decl":{"start":{"line":4,"column":8},"end":{"line":4,"column":15}},"loc":{"start":{"line":4,"column":15},"end":{"line":14,"column":null}}}},"branchMap":{},"s":{"0":0,"1":0,"2":0,"3":0,"4":0},"f":{"0":0},"b":{}}
,"/Users/yvesroos/dev/personal/autocomplete2/frontend/src/services/colorServiceAdapter.ts": {"path":"/Users/yvesroos/dev/personal/autocomplete2/frontend/src/services/colorServiceAdapter.ts","statementMap":{"0":{"start":{"line":12,"column":17},"end":{"line":12,"column":null}},"1":{"start":{"line":13,"column":41},"end":{"line":16,"column":null}},"2":{"start":{"line":13,"column":69},"end":{"line":16,"column":null}},"3":{"start":{"line":18,"column":4},"end":{"line":18,"column":null}},"4":{"start":{"line":5,"column":2},"end":{"line":5,"column":null}},"5":{"start":{"line":8,"column":4},"end":{"line":8,"column":null}}},"fnMap":{"0":{"name":"(anonymous_1)","decl":{"start":{"line":11,"column":2},"end":{"line":11,"column":8}},"loc":{"start":{"line":11,"column":27},"end":{"line":19,"column":null}}},"1":{"name":"(anonymous_2)","decl":{"start":{"line":13,"column":58},"end":{"line":13,"column":59}},"loc":{"start":{"line":13,"column":69},"end":{"line":16,"column":null}}},"2":{"name":"(anonymous_3)","decl":{"start":{"line":7,"column":2},"end":{"line":7,"column":14}},"loc":{"start":{"line":7,"column":49},"end":{"line":9,"column":null}}}},"branchMap":{},"s":{"0":0,"1":0,"2":0,"3":0,"4":0,"5":0},"f":{"0":0,"1":0,"2":0},"b":{}}
,"/Users/yvesroos/dev/personal/autocomplete2/frontend/src/stores/ColorBlenderStore.ts": {"path":"/Users/yvesroos/dev/personal/autocomplete2/frontend/src/stores/ColorBlenderStore.ts","statementMap":{"0":{"start":{"line":14,"column":4},"end":{"line":19,"column":null}},"1":{"start":{"line":15,"column":6},"end":{"line":17,"column":null}},"2":{"start":{"line":23,"column":4},"end":{"line":23,"column":null}},"3":{"start":{"line":7,"column":2},"end":{"line":7,"column":null}},"4":{"start":{"line":8,"column":2},"end":{"line":8,"column":null}},"5":{"start":{"line":26,"column":2},"end":{"line":34,"column":null}},"6":{"start":{"line":27,"column":4},"end":{"line":33,"column":null}},"7":{"start":{"line":28,"column":6},"end":{"line":32,"column":null}},"8":{"start":{"line":29,"column":8},"end":{"line":31,"column":null}},"9":{"start":{"line":30,"column":10},"end":{"line":30,"column":null}},"10":{"start":{"line":10,"column":4},"end":{"line":10,"column":null}},"11":{"start":{"line":37,"column":24},"end":{"line":37,"column":null}}},"fnMap":{"0":{"name":"(anonymous_1)","decl":{"start":{"line":13,"column":2},"end":{"line":13,"column":6}},"loc":{"start":{"line":13,"column":21},"end":{"line":20,"column":null}}},"1":{"name":"(anonymous_2)","decl":{"start":{"line":22,"column":2},"end":{"line":22,"column":19}},"loc":{"start":{"line":22,"column":52},"end":{"line":24,"column":null}}},"2":{"name":"(anonymous_3)","decl":{"start":{"line":9,"column":2},"end":{"line":9,"column":16}},"loc":{"start":{"line":9,"column":16},"end":{"line":11,"column":null}}},"3":{"name":"(anonymous_4)","decl":{"start":{"line":26,"column":20},"end":{"line":26,"column":21}},"loc":{"start":{"line":26,"column":21},"end":{"line":34,"column":null}}},"4":{"name":"(anonymous_5)","decl":{"start":{"line":28,"column":42},"end":{"line":28,"column":43}},"loc":{"start":{"line":28,"column":43},"end":{"line":32,"column":null}}},"5":{"name":"(anonymous_6)","decl":{"start":{"line":29,"column":20},"end":{"line":29,"column":null}},"loc":{"start":{"line":29,"column":20},"end":{"line":31,"column":null}}}},"branchMap":{"0":{"loc":{"start":{"line":14,"column":4},"end":{"line":19,"column":null}},"type":"if","locations":[{"start":{"line":14,"column":4},"end":{"line":19,"column":null}},{"start":{"line":14,"column":4},"end":{"line":19,"column":null}}]},"1":{"loc":{"start":{"line":27,"column":4},"end":{"line":33,"column":null}},"type":"if","locations":[{"start":{"line":27,"column":4},"end":{"line":33,"column":null}},{"start":{"line":27,"column":4},"end":{"line":33,"column":null}}]}},"s":{"0":0,"1":0,"2":0,"3":0,"4":0,"5":0,"6":0,"7":0,"8":0,"9":0,"10":0,"11":0},"f":{"0":0,"1":0,"2":0,"3":0,"4":0,"5":0},"b":{"0":[0,0],"1":[0,0]}}
,"/Users/yvesroos/dev/personal/autocomplete2/frontend/src/stores/NavigationStore.ts": {"path":"/Users/yvesroos/dev/personal/autocomplete2/frontend/src/stores/NavigationStore.ts","statementMap":{"0":{"start":{"line":4,"column":2},"end":{"line":4,"column":null}},"1":{"start":{"line":13,"column":2},"end":{"line":15,"column":null}},"2":{"start":{"line":14,"column":4},"end":{"line":14,"column":null}},"3":{"start":{"line":7,"column":4},"end":{"line":10,"column":null}},"4":{"start":{"line":18,"column":19},"end":{"line":18,"column":null}}},"fnMap":{"0":{"name":"(anonymous_1)","decl":{"start":{"line":6,"column":2},"end":{"line":6,"column":16}},"loc":{"start":{"line":6,"column":16},"end":{"line":11,"column":null}}},"1":{"name":"(anonymous_2)","decl":{"start":{"line":13,"column":15},"end":{"line":13,"column":16}},"loc":{"start":{"line":13,"column":16},"end":{"line":15,"column":null}}}},"branchMap":{},"s":{"0":0,"1":0,"2":0,"3":0,"4":0},"f":{"0":0,"1":0},"b":{}}
,"/Users/yvesroos/dev/personal/autocomplete2/frontend/src/utils/colorBlender.ts": {"path":"/Users/yvesroos/dev/personal/autocomplete2/frontend/src/utils/colorBlender.ts","statementMap":{"0":{"start":{"line":1,"column":22},"end":{"line":1,"column":null}},"1":{"start":{"line":3,"column":19},"end":{"line":10,"column":null}},"2":{"start":{"line":4,"column":19},"end":{"line":4,"column":null}},"3":{"start":{"line":5,"column":23},"end":{"line":5,"column":null}},"4":{"start":{"line":6,"column":2},"end":{"line":8,"column":null}},"5":{"start":{"line":7,"column":4},"end":{"line":7,"column":null}},"6":{"start":{"line":9,"column":2},"end":{"line":9,"column":null}},"7":{"start":{"line":12,"column":22},"end":{"line":20,"column":null}},"8":{"start":{"line":13,"column":14},"end":{"line":15,"column":null}},"9":{"start":{"line":16,"column":2},"end":{"line":18,"column":null}},"10":{"start":{"line":17,"column":4},"end":{"line":17,"column":null}},"11":{"start":{"line":19,"column":2},"end":{"line":19,"column":null}},"12":{"start":{"line":22,"column":40},"end":{"line":32,"column":2}},"13":{"start":{"line":26,"column":32},"end":{"line":26,"column":null}},"14":{"start":{"line":27,"column":32},"end":{"line":27,"column":null}},"15":{"start":{"line":28,"column":14},"end":{"line":28,"column":null}},"16":{"start":{"line":29,"column":16},"end":{"line":29,"column":null}},"17":{"start":{"line":30,"column":15},"end":{"line":30,"column":null}},"18":{"start":{"line":31,"column":2},"end":{"line":31,"column":null}}},"fnMap":{"0":{"name":"(anonymous_0)","decl":{"start":{"line":3,"column":19},"end":{"line":3,"column":20}},"loc":{"start":{"line":3,"column":20},"end":{"line":10,"column":null}}},"1":{"name":"(anonymous_1)","decl":{"start":{"line":12,"column":22},"end":{"line":12,"column":23}},"loc":{"start":{"line":12,"column":39},"end":{"line":20,"column":null}}},"2":{"name":"(anonymous_2)","decl":{"start":{"line":22,"column":40},"end":{"line":22,"column":null}},"loc":{"start":{"line":24,"column":2},"end":{"line":32,"column":2}}}},"branchMap":{"0":{"loc":{"start":{"line":6,"column":2},"end":{"line":8,"column":null}},"type":"if","locations":[{"start":{"line":6,"column":2},"end":{"line":8,"column":null}},{"start":{"line":6,"column":2},"end":{"line":8,"column":null}}]},"1":{"loc":{"start":{"line":16,"column":2},"end":{"line":18,"column":null}},"type":"if","locations":[{"start":{"line":16,"column":2},"end":{"line":18,"column":null}},{"start":{"line":16,"column":2},"end":{"line":18,"column":null}}]}},"s":{"0":1,"1":1,"2":10,"3":10,"4":10,"5":8,"6":2,"7":1,"8":15,"9":15,"10":7,"11":8,"12":1,"13":5,"14":5,"15":5,"16":5,"17":5,"18":5},"f":{"0":10,"1":15,"2":5},"b":{"0":[8,2],"1":[7,8]}}
}
